<?xml version="1.0" encoding="UTF-8"?>
<testng-results ignored="0" total="1" passed="1" failed="0" skipped="0">
  <reporter-output>
  </reporter-output>
  <suite started-at="2022-01-10T10:50:38 CET" name="All Test Suite" finished-at="2022-01-10T10:50:38 CET" duration-ms="317">
    <groups>
      <group name="cucumber">
        <method signature="AbstractTestNGCucumberTests.runScenario(io.cucumber.testng.PickleWrapper,io.cucumber.testng.FeatureWrapper)[pri:0, instance:runners.TestNGRunner@f736069]" name="runScenario" class="io.cucumber.testng.AbstractTestNGCucumberTests"/>
      </group> <!-- cucumber -->
    </groups>
    <test started-at="2022-01-10T10:50:38 CET" name="C:/Users/Silviu_Titirca/git/CucumberTestNG" finished-at="2022-01-10T10:50:38 CET" duration-ms="317">
      <class name="runners.TestNGRunner">
        <test-method is-config="true" signature="setUpClass()[pri:0, instance:runners.TestNGRunner@f736069]" started-at="2022-01-10T10:50:38 CET" name="setUpClass" finished-at="2022-01-10T10:50:38 CET" duration-ms="184" status="PASS">
          <reporter-output>
          </reporter-output>
        </test-method> <!-- setUpClass -->
        <test-method signature="runScenario(io.cucumber.testng.PickleWrapper,io.cucumber.testng.FeatureWrapper)[pri:0, instance:runners.TestNGRunner@f736069]" started-at="2022-01-10T10:50:38 CET" name="runScenario" description="Runs Cucumber Scenarios" data-provider="scenarios" finished-at="2022-01-10T10:50:38 CET" duration-ms="96" status="PASS">
          <params>
            <param index="0">
              <value>
                <![CDATA["User should be able to login with valid credentials"]]>
              </value>
            </param>
            <param index="1">
              <value>
                <![CDATA["Optional[Web Login]"]]>
              </value>
            </param>
          </params>
          <reporter-output>
          </reporter-output>
        </test-method> <!-- runScenario -->
        <test-method is-config="true" signature="tearDownClass()[pri:0, instance:runners.TestNGRunner@f736069]" started-at="2022-01-10T10:50:38 CET" name="tearDownClass" finished-at="2022-01-10T10:50:38 CET" duration-ms="7" status="PASS">
          <reporter-output>
          </reporter-output>
        </test-method> <!-- tearDownClass -->
      </class> <!-- runners.TestNGRunner -->
    </test> <!-- C:/Users/Silviu_Titirca/git/CucumberTestNG -->
  </suite> <!-- All Test Suite -->
</testng-results>
