<?xml version="1.0" encoding="UTF-8"?>
<testng-results total="2" passed="2" failed="0" skipped="0">
  <reporter-output>
  </reporter-output>
  <suite started-at="2022-01-11T10:34:11Z" name="All Test Suite" finished-at="2022-01-11T10:34:32Z" duration-ms="21665">
    <groups>
      <group name="cucumber">
        <method signature="AbstractTestNGCucumberTests.runScenario(io.cucumber.testng.PickleWrapper, io.cucumber.testng.FeatureWrapper)[pri:0, instance:runners.TestNGRunner@c730b35]" name="runScenario" class="io.cucumber.testng.AbstractTestNGCucumberTests"/>
      </group> <!-- cucumber -->
    </groups>
    <test started-at="2022-01-11T10:34:11Z" name="C:/Users/Silviu_Titirca/git/CucumberTestNG" finished-at="2022-01-11T10:34:32Z" duration-ms="21665">
      <class name="runners.TestNGRunner">
        <test-method is-config="true" signature="setUpClass()[pri:0, instance:runners.TestNGRunner@c730b35]" started-at="2022-01-11T11:34:11Z" name="setUpClass" finished-at="2022-01-11T11:34:11Z" duration-ms="352" status="PASS">
          <reporter-output>
          </reporter-output>
        </test-method> <!-- setUpClass -->
        <test-method signature="runScenario(io.cucumber.testng.PickleWrapper, io.cucumber.testng.FeatureWrapper)[pri:0, instance:runners.TestNGRunner@c730b35]" started-at="2022-01-11T11:34:11Z" name="runScenario" description="Runs Cucumber Scenarios" data-provider="scenarios" finished-at="2022-01-11T11:34:25Z" duration-ms="14157" status="PASS">
          <params>
            <param index="0">
              <value>
                <![CDATA["Admin user should be able to add a new user"]]>
              </value>
            </param>
            <param index="1">
              <value>
                <![CDATA["Optional[Admin Management]"]]>
              </value>
            </param>
          </params>
          <reporter-output>
          </reporter-output>
        </test-method> <!-- runScenario -->
        <test-method signature="runScenario(io.cucumber.testng.PickleWrapper, io.cucumber.testng.FeatureWrapper)[pri:0, instance:runners.TestNGRunner@c730b35]" started-at="2022-01-11T11:34:25Z" name="runScenario" description="Runs Cucumber Scenarios" data-provider="scenarios" finished-at="2022-01-11T11:34:32Z" duration-ms="6640" status="PASS">
          <params>
            <param index="0">
              <value>
                <![CDATA["User should be able to login with valid credentials"]]>
              </value>
            </param>
            <param index="1">
              <value>
                <![CDATA["Optional[Web Login]"]]>
              </value>
            </param>
          </params>
          <reporter-output>
          </reporter-output>
        </test-method> <!-- runScenario -->
        <test-method is-config="true" signature="tearDownClass()[pri:0, instance:runners.TestNGRunner@c730b35]" started-at="2022-01-11T11:34:32Z" name="tearDownClass" finished-at="2022-01-11T11:34:32Z" duration-ms="505" status="PASS">
          <reporter-output>
          </reporter-output>
        </test-method> <!-- tearDownClass -->
      </class> <!-- runners.TestNGRunner -->
    </test> <!-- C:/Users/Silviu_Titirca/git/CucumberTestNG -->
  </suite> <!-- All Test Suite -->
</testng-results>
